INFO [2023-05-22 16:32:37] $x
INFO [2023-05-22 16:32:37] list(br2022$scientificNameCBRO2021, bl2022$scientificNameCBRO2021, 
INFO [2023-05-22 16:32:37]     tabela_venn_estadual$CBRO_2021)
INFO [2023-05-22 16:32:37] 
INFO [2023-05-22 16:32:37] $category.names
INFO [2023-05-22 16:32:37] c("National", "Global", "State")
INFO [2023-05-22 16:32:37] 
INFO [2023-05-22 16:32:37] $filename
INFO [2023-05-22 16:32:37] [1] "especies_ameacadas_escalas.png"
INFO [2023-05-22 16:32:37] 
INFO [2023-05-22 16:32:37] $output
INFO [2023-05-22 16:32:37] [1] TRUE
INFO [2023-05-22 16:32:37] 
INFO [2023-05-22 16:32:37] $imagetype
INFO [2023-05-22 16:32:37] [1] "png"
INFO [2023-05-22 16:32:37] 
INFO [2023-05-22 16:32:37] $height
INFO [2023-05-22 16:32:37] 480 * 3
INFO [2023-05-22 16:32:37] 
INFO [2023-05-22 16:32:37] $width
INFO [2023-05-22 16:32:37] 480 * 3
INFO [2023-05-22 16:32:37] 
INFO [2023-05-22 16:32:37] $resolution
INFO [2023-05-22 16:32:37] [1] 900
INFO [2023-05-22 16:32:37] 
INFO [2023-05-22 16:32:37] $compression
INFO [2023-05-22 16:32:37] [1] "lzw"
INFO [2023-05-22 16:32:37] 
INFO [2023-05-22 16:32:37] $lwd
INFO [2023-05-22 16:32:37] [1] 2
INFO [2023-05-22 16:32:37] 
INFO [2023-05-22 16:32:37] $lty
INFO [2023-05-22 16:32:37] [1] "blank"
INFO [2023-05-22 16:32:37] 
INFO [2023-05-22 16:32:37] $fill
INFO [2023-05-22 16:32:37] myCol
INFO [2023-05-22 16:32:37] 
INFO [2023-05-22 16:32:37] $cex
INFO [2023-05-22 16:32:37] [1] 0.6
INFO [2023-05-22 16:32:37] 
INFO [2023-05-22 16:32:37] $fontface
INFO [2023-05-22 16:32:37] [1] "bold"
INFO [2023-05-22 16:32:37] 
INFO [2023-05-22 16:32:37] $fontfamily
INFO [2023-05-22 16:32:37] [1] "sans"
INFO [2023-05-22 16:32:37] 
INFO [2023-05-22 16:32:37] $cat.cex
INFO [2023-05-22 16:32:37] [1] 0.6
INFO [2023-05-22 16:32:37] 
INFO [2023-05-22 16:32:37] $cat.fontface
INFO [2023-05-22 16:32:37] [1] "bold"
INFO [2023-05-22 16:32:37] 
INFO [2023-05-22 16:32:37] $cat.default.pos
INFO [2023-05-22 16:32:37] [1] "outer"
INFO [2023-05-22 16:32:37] 
INFO [2023-05-22 16:32:37] $cat.pos
INFO [2023-05-22 16:32:37] c(-27, 27, 135)
INFO [2023-05-22 16:32:37] 
INFO [2023-05-22 16:32:37] $cat.dist
INFO [2023-05-22 16:32:37] c(0.055, 0.055, 0.085)
INFO [2023-05-22 16:32:37] 
INFO [2023-05-22 16:32:37] $cat.fontfamily
INFO [2023-05-22 16:32:37] [1] "sans"
INFO [2023-05-22 16:32:37] 
INFO [2023-05-22 16:32:37] $rotation
INFO [2023-05-22 16:32:37] [1] 1
INFO [2023-05-22 16:32:37] 
