INFO [2023-05-19 15:29:46] $x
INFO [2023-05-19 15:29:46] list(br2022$scientificNameCBRO2021, bl2022$scientificNameCBRO2021, 
INFO [2023-05-19 15:29:46]     tabela_venn_estadual$CBRO_2021)
INFO [2023-05-19 15:29:46] 
INFO [2023-05-19 15:29:46] $category.names
INFO [2023-05-19 15:29:46] c("National", "Global", "State")
INFO [2023-05-19 15:29:46] 
INFO [2023-05-19 15:29:46] $filename
INFO [2023-05-19 15:29:46] [1] "especies_ameacadas_escalas.png"
INFO [2023-05-19 15:29:46] 
INFO [2023-05-19 15:29:46] $output
INFO [2023-05-19 15:29:46] [1] TRUE
INFO [2023-05-19 15:29:46] 
INFO [2023-05-19 15:29:46] $imagetype
INFO [2023-05-19 15:29:46] [1] "png"
INFO [2023-05-19 15:29:46] 
INFO [2023-05-19 15:29:46] $height
INFO [2023-05-19 15:29:46] 480 * 3
INFO [2023-05-19 15:29:46] 
INFO [2023-05-19 15:29:46] $width
INFO [2023-05-19 15:29:46] 480 * 3
INFO [2023-05-19 15:29:46] 
INFO [2023-05-19 15:29:46] $resolution
INFO [2023-05-19 15:29:46] [1] 900
INFO [2023-05-19 15:29:46] 
INFO [2023-05-19 15:29:46] $compression
INFO [2023-05-19 15:29:46] [1] "lzw"
INFO [2023-05-19 15:29:46] 
INFO [2023-05-19 15:29:46] $lwd
INFO [2023-05-19 15:29:46] [1] 2
INFO [2023-05-19 15:29:46] 
INFO [2023-05-19 15:29:46] $lty
INFO [2023-05-19 15:29:46] [1] "blank"
INFO [2023-05-19 15:29:46] 
INFO [2023-05-19 15:29:46] $fill
INFO [2023-05-19 15:29:46] myCol
INFO [2023-05-19 15:29:46] 
INFO [2023-05-19 15:29:46] $cex
INFO [2023-05-19 15:29:46] [1] 0.6
INFO [2023-05-19 15:29:46] 
INFO [2023-05-19 15:29:46] $fontface
INFO [2023-05-19 15:29:46] [1] "bold"
INFO [2023-05-19 15:29:46] 
INFO [2023-05-19 15:29:46] $fontfamily
INFO [2023-05-19 15:29:46] [1] "sans"
INFO [2023-05-19 15:29:46] 
INFO [2023-05-19 15:29:46] $cat.cex
INFO [2023-05-19 15:29:46] [1] 0.6
INFO [2023-05-19 15:29:46] 
INFO [2023-05-19 15:29:46] $cat.fontface
INFO [2023-05-19 15:29:46] [1] "bold"
INFO [2023-05-19 15:29:46] 
INFO [2023-05-19 15:29:46] $cat.default.pos
INFO [2023-05-19 15:29:46] [1] "outer"
INFO [2023-05-19 15:29:46] 
INFO [2023-05-19 15:29:46] $cat.pos
INFO [2023-05-19 15:29:46] c(-27, 27, 135)
INFO [2023-05-19 15:29:46] 
INFO [2023-05-19 15:29:46] $cat.dist
INFO [2023-05-19 15:29:46] c(0.055, 0.055, 0.085)
INFO [2023-05-19 15:29:46] 
INFO [2023-05-19 15:29:46] $cat.fontfamily
INFO [2023-05-19 15:29:46] [1] "sans"
INFO [2023-05-19 15:29:46] 
INFO [2023-05-19 15:29:46] $rotation
INFO [2023-05-19 15:29:46] [1] 1
INFO [2023-05-19 15:29:46] 
