INFO [2023-05-19 15:19:15] $x
INFO [2023-05-19 15:19:15] list(br2022$scientificNameCBRO2021, bl2022$scientificNameCBRO2021, 
INFO [2023-05-19 15:19:15]     mg1995$scientificNameCBRO2021)
INFO [2023-05-19 15:19:15] 
INFO [2023-05-19 15:19:15] $category.names
INFO [2023-05-19 15:19:15] c("National", "Global", "State")
INFO [2023-05-19 15:19:15] 
INFO [2023-05-19 15:19:15] $filename
INFO [2023-05-19 15:19:15] [1] "especies_ameacadas_escalas.png"
INFO [2023-05-19 15:19:15] 
INFO [2023-05-19 15:19:15] $output
INFO [2023-05-19 15:19:15] [1] TRUE
INFO [2023-05-19 15:19:15] 
INFO [2023-05-19 15:19:15] $imagetype
INFO [2023-05-19 15:19:15] [1] "png"
INFO [2023-05-19 15:19:15] 
INFO [2023-05-19 15:19:15] $height
INFO [2023-05-19 15:19:15] 480 * 3
INFO [2023-05-19 15:19:15] 
INFO [2023-05-19 15:19:15] $width
INFO [2023-05-19 15:19:15] 480 * 3
INFO [2023-05-19 15:19:15] 
INFO [2023-05-19 15:19:15] $resolution
INFO [2023-05-19 15:19:15] [1] 900
INFO [2023-05-19 15:19:15] 
INFO [2023-05-19 15:19:15] $compression
INFO [2023-05-19 15:19:15] [1] "lzw"
INFO [2023-05-19 15:19:15] 
INFO [2023-05-19 15:19:15] $lwd
INFO [2023-05-19 15:19:15] [1] 2
INFO [2023-05-19 15:19:15] 
INFO [2023-05-19 15:19:15] $lty
INFO [2023-05-19 15:19:15] [1] "blank"
INFO [2023-05-19 15:19:15] 
INFO [2023-05-19 15:19:15] $fill
INFO [2023-05-19 15:19:15] myCol
INFO [2023-05-19 15:19:15] 
INFO [2023-05-19 15:19:15] $cex
INFO [2023-05-19 15:19:15] [1] 0.6
INFO [2023-05-19 15:19:15] 
INFO [2023-05-19 15:19:15] $fontface
INFO [2023-05-19 15:19:15] [1] "bold"
INFO [2023-05-19 15:19:15] 
INFO [2023-05-19 15:19:15] $fontfamily
INFO [2023-05-19 15:19:15] [1] "sans"
INFO [2023-05-19 15:19:15] 
INFO [2023-05-19 15:19:15] $cat.cex
INFO [2023-05-19 15:19:15] [1] 0.6
INFO [2023-05-19 15:19:15] 
INFO [2023-05-19 15:19:15] $cat.fontface
INFO [2023-05-19 15:19:15] [1] "bold"
INFO [2023-05-19 15:19:15] 
INFO [2023-05-19 15:19:15] $cat.default.pos
INFO [2023-05-19 15:19:15] [1] "outer"
INFO [2023-05-19 15:19:15] 
INFO [2023-05-19 15:19:15] $cat.pos
INFO [2023-05-19 15:19:15] c(-27, 27, 135)
INFO [2023-05-19 15:19:15] 
INFO [2023-05-19 15:19:15] $cat.dist
INFO [2023-05-19 15:19:15] c(0.055, 0.055, 0.085)
INFO [2023-05-19 15:19:15] 
INFO [2023-05-19 15:19:15] $cat.fontfamily
INFO [2023-05-19 15:19:15] [1] "sans"
INFO [2023-05-19 15:19:15] 
INFO [2023-05-19 15:19:15] $rotation
INFO [2023-05-19 15:19:15] [1] 1
INFO [2023-05-19 15:19:15] 
