INFO [2023-05-22 12:57:33] $x
INFO [2023-05-22 12:57:33] list(br2022$scientificNameCBRO2021, bl2022$scientificNameCBRO2021, 
INFO [2023-05-22 12:57:33]     tabela_venn_estadual$CBRO_2021)
INFO [2023-05-22 12:57:33] 
INFO [2023-05-22 12:57:33] $category.names
INFO [2023-05-22 12:57:33] c("National", "Global", "State")
INFO [2023-05-22 12:57:33] 
INFO [2023-05-22 12:57:33] $filename
INFO [2023-05-22 12:57:33] [1] "especies_ameacadas_escalas.png"
INFO [2023-05-22 12:57:33] 
INFO [2023-05-22 12:57:33] $output
INFO [2023-05-22 12:57:33] [1] TRUE
INFO [2023-05-22 12:57:33] 
INFO [2023-05-22 12:57:33] $imagetype
INFO [2023-05-22 12:57:33] [1] "png"
INFO [2023-05-22 12:57:33] 
INFO [2023-05-22 12:57:33] $height
INFO [2023-05-22 12:57:33] 480 * 3
INFO [2023-05-22 12:57:33] 
INFO [2023-05-22 12:57:33] $width
INFO [2023-05-22 12:57:33] 480 * 3
INFO [2023-05-22 12:57:33] 
INFO [2023-05-22 12:57:33] $resolution
INFO [2023-05-22 12:57:33] [1] 900
INFO [2023-05-22 12:57:33] 
INFO [2023-05-22 12:57:33] $compression
INFO [2023-05-22 12:57:33] [1] "lzw"
INFO [2023-05-22 12:57:33] 
INFO [2023-05-22 12:57:33] $lwd
INFO [2023-05-22 12:57:33] [1] 2
INFO [2023-05-22 12:57:33] 
INFO [2023-05-22 12:57:33] $lty
INFO [2023-05-22 12:57:33] [1] "blank"
INFO [2023-05-22 12:57:33] 
INFO [2023-05-22 12:57:33] $fill
INFO [2023-05-22 12:57:33] myCol
INFO [2023-05-22 12:57:33] 
INFO [2023-05-22 12:57:33] $cex
INFO [2023-05-22 12:57:33] [1] 0.6
INFO [2023-05-22 12:57:33] 
INFO [2023-05-22 12:57:33] $fontface
INFO [2023-05-22 12:57:33] [1] "bold"
INFO [2023-05-22 12:57:33] 
INFO [2023-05-22 12:57:33] $fontfamily
INFO [2023-05-22 12:57:33] [1] "sans"
INFO [2023-05-22 12:57:33] 
INFO [2023-05-22 12:57:33] $cat.cex
INFO [2023-05-22 12:57:33] [1] 0.6
INFO [2023-05-22 12:57:33] 
INFO [2023-05-22 12:57:33] $cat.fontface
INFO [2023-05-22 12:57:33] [1] "bold"
INFO [2023-05-22 12:57:33] 
INFO [2023-05-22 12:57:33] $cat.default.pos
INFO [2023-05-22 12:57:33] [1] "outer"
INFO [2023-05-22 12:57:33] 
INFO [2023-05-22 12:57:33] $cat.pos
INFO [2023-05-22 12:57:33] c(-27, 27, 135)
INFO [2023-05-22 12:57:33] 
INFO [2023-05-22 12:57:33] $cat.dist
INFO [2023-05-22 12:57:33] c(0.055, 0.055, 0.085)
INFO [2023-05-22 12:57:33] 
INFO [2023-05-22 12:57:33] $cat.fontfamily
INFO [2023-05-22 12:57:33] [1] "sans"
INFO [2023-05-22 12:57:33] 
INFO [2023-05-22 12:57:33] $rotation
INFO [2023-05-22 12:57:33] [1] 1
INFO [2023-05-22 12:57:33] 
