INFO [2023-05-22 15:41:29] $x
INFO [2023-05-22 15:41:29] list(national, global, state)
INFO [2023-05-22 15:41:29] 
INFO [2023-05-22 15:41:29] $category.names
INFO [2023-05-22 15:41:29] c("National", "Global", "State")
INFO [2023-05-22 15:41:29] 
INFO [2023-05-22 15:41:29] $filename
INFO [2023-05-22 15:41:29] [1] "especies_ameacadas_escalas.png"
INFO [2023-05-22 15:41:29] 
INFO [2023-05-22 15:41:29] $output
INFO [2023-05-22 15:41:29] [1] TRUE
INFO [2023-05-22 15:41:29] 
INFO [2023-05-22 15:41:29] $imagetype
INFO [2023-05-22 15:41:29] [1] "png"
INFO [2023-05-22 15:41:29] 
INFO [2023-05-22 15:41:29] $height
INFO [2023-05-22 15:41:29] 480 * 3
INFO [2023-05-22 15:41:29] 
INFO [2023-05-22 15:41:29] $width
INFO [2023-05-22 15:41:29] 480 * 3
INFO [2023-05-22 15:41:29] 
INFO [2023-05-22 15:41:29] $resolution
INFO [2023-05-22 15:41:29] [1] 900
INFO [2023-05-22 15:41:29] 
INFO [2023-05-22 15:41:29] $compression
INFO [2023-05-22 15:41:29] [1] "lzw"
INFO [2023-05-22 15:41:29] 
INFO [2023-05-22 15:41:29] $lwd
INFO [2023-05-22 15:41:29] [1] 2
INFO [2023-05-22 15:41:29] 
INFO [2023-05-22 15:41:29] $lty
INFO [2023-05-22 15:41:29] [1] "blank"
INFO [2023-05-22 15:41:29] 
INFO [2023-05-22 15:41:29] $fill
INFO [2023-05-22 15:41:29] myCol
INFO [2023-05-22 15:41:29] 
INFO [2023-05-22 15:41:29] $cex
INFO [2023-05-22 15:41:29] [1] 0.6
INFO [2023-05-22 15:41:29] 
INFO [2023-05-22 15:41:29] $fontface
INFO [2023-05-22 15:41:29] [1] "bold"
INFO [2023-05-22 15:41:29] 
INFO [2023-05-22 15:41:29] $fontfamily
INFO [2023-05-22 15:41:29] [1] "sans"
INFO [2023-05-22 15:41:29] 
INFO [2023-05-22 15:41:29] $cat.cex
INFO [2023-05-22 15:41:29] [1] 0.6
INFO [2023-05-22 15:41:29] 
INFO [2023-05-22 15:41:29] $cat.fontface
INFO [2023-05-22 15:41:29] [1] "bold"
INFO [2023-05-22 15:41:29] 
INFO [2023-05-22 15:41:29] $cat.default.pos
INFO [2023-05-22 15:41:29] [1] "outer"
INFO [2023-05-22 15:41:29] 
INFO [2023-05-22 15:41:29] $cat.pos
INFO [2023-05-22 15:41:29] c(-27, 27, 135)
INFO [2023-05-22 15:41:29] 
INFO [2023-05-22 15:41:29] $cat.dist
INFO [2023-05-22 15:41:29] c(0.055, 0.055, 0.085)
INFO [2023-05-22 15:41:29] 
INFO [2023-05-22 15:41:29] $cat.fontfamily
INFO [2023-05-22 15:41:29] [1] "sans"
INFO [2023-05-22 15:41:29] 
INFO [2023-05-22 15:41:29] $rotation
INFO [2023-05-22 15:41:29] [1] 1
INFO [2023-05-22 15:41:29] 
