INFO [2023-05-19 15:29:20] $x
INFO [2023-05-19 15:29:20] list(br2022$scientificNameCBRO2021, bl2022$scientificNameCBRO2021, 
INFO [2023-05-19 15:29:20]     mg1995$scientificNameCBRO2021, tabela_venn_estadual$CBRO_2021)
INFO [2023-05-19 15:29:20] 
INFO [2023-05-19 15:29:20] $category.names
INFO [2023-05-19 15:29:20] c("National", "Global", "State")
INFO [2023-05-19 15:29:20] 
INFO [2023-05-19 15:29:20] $filename
INFO [2023-05-19 15:29:20] [1] "especies_ameacadas_escalas.png"
INFO [2023-05-19 15:29:20] 
INFO [2023-05-19 15:29:20] $output
INFO [2023-05-19 15:29:20] [1] TRUE
INFO [2023-05-19 15:29:20] 
INFO [2023-05-19 15:29:20] $imagetype
INFO [2023-05-19 15:29:20] [1] "png"
INFO [2023-05-19 15:29:20] 
INFO [2023-05-19 15:29:20] $height
INFO [2023-05-19 15:29:20] 480 * 3
INFO [2023-05-19 15:29:20] 
INFO [2023-05-19 15:29:20] $width
INFO [2023-05-19 15:29:20] 480 * 3
INFO [2023-05-19 15:29:20] 
INFO [2023-05-19 15:29:20] $resolution
INFO [2023-05-19 15:29:20] [1] 900
INFO [2023-05-19 15:29:20] 
INFO [2023-05-19 15:29:20] $compression
INFO [2023-05-19 15:29:20] [1] "lzw"
INFO [2023-05-19 15:29:20] 
INFO [2023-05-19 15:29:20] $lwd
INFO [2023-05-19 15:29:20] [1] 2
INFO [2023-05-19 15:29:20] 
INFO [2023-05-19 15:29:20] $lty
INFO [2023-05-19 15:29:20] [1] "blank"
INFO [2023-05-19 15:29:20] 
INFO [2023-05-19 15:29:20] $fill
INFO [2023-05-19 15:29:20] myCol
INFO [2023-05-19 15:29:20] 
INFO [2023-05-19 15:29:20] $cex
INFO [2023-05-19 15:29:20] [1] 0.6
INFO [2023-05-19 15:29:20] 
INFO [2023-05-19 15:29:20] $fontface
INFO [2023-05-19 15:29:20] [1] "bold"
INFO [2023-05-19 15:29:20] 
INFO [2023-05-19 15:29:20] $fontfamily
INFO [2023-05-19 15:29:20] [1] "sans"
INFO [2023-05-19 15:29:20] 
INFO [2023-05-19 15:29:20] $cat.cex
INFO [2023-05-19 15:29:20] [1] 0.6
INFO [2023-05-19 15:29:20] 
INFO [2023-05-19 15:29:20] $cat.fontface
INFO [2023-05-19 15:29:20] [1] "bold"
INFO [2023-05-19 15:29:20] 
INFO [2023-05-19 15:29:20] $cat.default.pos
INFO [2023-05-19 15:29:20] [1] "outer"
INFO [2023-05-19 15:29:20] 
INFO [2023-05-19 15:29:20] $cat.pos
INFO [2023-05-19 15:29:20] c(-27, 27, 135)
INFO [2023-05-19 15:29:20] 
INFO [2023-05-19 15:29:20] $cat.dist
INFO [2023-05-19 15:29:20] c(0.055, 0.055, 0.085)
INFO [2023-05-19 15:29:20] 
INFO [2023-05-19 15:29:20] $cat.fontfamily
INFO [2023-05-19 15:29:20] [1] "sans"
INFO [2023-05-19 15:29:20] 
INFO [2023-05-19 15:29:20] $rotation
INFO [2023-05-19 15:29:20] [1] 1
INFO [2023-05-19 15:29:20] 
