INFO [2023-05-22 15:42:12] $x
INFO [2023-05-22 15:42:12] list(national, global, state)
INFO [2023-05-22 15:42:12] 
INFO [2023-05-22 15:42:12] $category.names
INFO [2023-05-22 15:42:12] c("National", "Global", "State")
INFO [2023-05-22 15:42:12] 
INFO [2023-05-22 15:42:12] $filename
INFO [2023-05-22 15:42:12] [1] "especies_ameacadas_escalas.png"
INFO [2023-05-22 15:42:12] 
INFO [2023-05-22 15:42:12] $output
INFO [2023-05-22 15:42:12] [1] TRUE
INFO [2023-05-22 15:42:12] 
INFO [2023-05-22 15:42:12] $imagetype
INFO [2023-05-22 15:42:12] [1] "png"
INFO [2023-05-22 15:42:12] 
INFO [2023-05-22 15:42:12] $height
INFO [2023-05-22 15:42:12] 480 * 3
INFO [2023-05-22 15:42:12] 
INFO [2023-05-22 15:42:12] $width
INFO [2023-05-22 15:42:12] 480 * 3
INFO [2023-05-22 15:42:12] 
INFO [2023-05-22 15:42:12] $resolution
INFO [2023-05-22 15:42:12] [1] 900
INFO [2023-05-22 15:42:12] 
INFO [2023-05-22 15:42:12] $compression
INFO [2023-05-22 15:42:12] [1] "lzw"
INFO [2023-05-22 15:42:12] 
INFO [2023-05-22 15:42:12] $lwd
INFO [2023-05-22 15:42:12] [1] 2
INFO [2023-05-22 15:42:12] 
INFO [2023-05-22 15:42:12] $lty
INFO [2023-05-22 15:42:12] [1] "blank"
INFO [2023-05-22 15:42:12] 
INFO [2023-05-22 15:42:12] $fill
INFO [2023-05-22 15:42:12] myCol
INFO [2023-05-22 15:42:12] 
INFO [2023-05-22 15:42:12] $cex
INFO [2023-05-22 15:42:12] [1] 0.6
INFO [2023-05-22 15:42:12] 
INFO [2023-05-22 15:42:12] $fontface
INFO [2023-05-22 15:42:12] [1] "bold"
INFO [2023-05-22 15:42:12] 
INFO [2023-05-22 15:42:12] $fontfamily
INFO [2023-05-22 15:42:12] [1] "sans"
INFO [2023-05-22 15:42:12] 
INFO [2023-05-22 15:42:12] $cat.cex
INFO [2023-05-22 15:42:12] [1] 0.6
INFO [2023-05-22 15:42:12] 
INFO [2023-05-22 15:42:12] $cat.fontface
INFO [2023-05-22 15:42:12] [1] "bold"
INFO [2023-05-22 15:42:12] 
INFO [2023-05-22 15:42:12] $cat.default.pos
INFO [2023-05-22 15:42:12] [1] "outer"
INFO [2023-05-22 15:42:12] 
INFO [2023-05-22 15:42:12] $cat.pos
INFO [2023-05-22 15:42:12] c(-27, 27, 135)
INFO [2023-05-22 15:42:12] 
INFO [2023-05-22 15:42:12] $cat.dist
INFO [2023-05-22 15:42:12] c(0.055, 0.055, 0.085)
INFO [2023-05-22 15:42:12] 
INFO [2023-05-22 15:42:12] $cat.fontfamily
INFO [2023-05-22 15:42:12] [1] "sans"
INFO [2023-05-22 15:42:12] 
INFO [2023-05-22 15:42:12] $rotation
INFO [2023-05-22 15:42:12] [1] 1
INFO [2023-05-22 15:42:12] 
